2025-09-11 12:47:40 | Caller: 1001 -> 1000 | Hash: aab96b5a8e05ad46bf62fb6cbfcb76de47e4f298cd4849dd7e237bb3b15d1835 | IPFS CID: QmT87MrCoe8uzUgCttrAznrKGh7vyQjcpq1bfZwx8jr5fu | Status: verified
2025-09-11 13:03:38 | Caller: 1001 -> 1000 | Hash: ae3dc1eaf75d5b952d542c12a930cfae35d85e50be552ece246ffb3cce067d30 | IPFS CID: QmXi3aVfuUziGgegJj1YwxFXsPP9LvWBGJ6t6sZWbz7jSR | Status: verified
2025-09-11 13:11:59 | Caller: 1001 -> 1000 | Hash: 7a7594a5e0ed39b8ed024de98bf8438dd19c4fea0a70f8e29aeadfe6e4bbeae8 | IPFS CID: QmURTLgm3B1dTkRiY1tHHfLRr221WGttPxzCPkfJrcVFXk | Status: verified
2025-09-11 13:12:40 | Caller: 1001 -> 1000 | Hash: 935268e583063b737f84853e0d2f21222254ed1dfd2d0576a3472116f4d16cff | IPFS CID: QmPyzP2tgrp5AeqqftBA7bfmnLj8rbPBUbTCTPQTfTis96 | Status: verified
2025-09-11 13:18:28 | Caller: 1001 -> 1000 | Hash: 4c4b5fa75fcb8d28cc6505eaaf353e16a6f28b302847d6e7512a588cd2374362 | IPFS CID: QmYmv6aTnHx92mTwjXg8gnwcrZE73TQpMUhU7SVKCUU8Zn | Status: verified
2025-09-19 12:24:56 | Caller: 1001 -> 1000 | Hash: 874ccda3c9853814c7450f247f4e764995530b08d980f6430eb69f90a9549508 | IPFS CID: QmbSKLJmJrK93x2gEn8sDZSSzbfHqhqa1SgCMcc6McXpRp | Status: ipfs-fetch-error:504 Server Error: Gateway Timeout for url: https://ipfs.io/ipfs/QmbSKLJmJrK93x2gEn8sDZSSzbfHqhqa1SgCMcc6McXpRp
2025-09-19 12:26:25 | Caller: 1001 -> 1000 | Hash: 8b78d4d118c94800e63653044d21064136c253fe8b0822d0cea00e43d3917b13 | IPFS CID: QmWP1CCed8Sqjt2eDeRE8CqqtmKD4VkGUuP3pQshn4XfdU | Status: ipfs-fetch-error:504 Server Error: Gateway Timeout for url: https://ipfs.io/ipfs/QmWP1CCed8Sqjt2eDeRE8CqqtmKD4VkGUuP3pQshn4XfdU
2025-09-19 12:28:47 | Caller: 1001 -> 1000 | Hash: 0854c835f9f1d7cc6460f9d13ff869fb57db20e01b2e8617f36a857cbd3d812f | IPFS CID: QmS85xo2LwxfrLgJqCjFj6c5TtMp3ecivMCphsxPVzTiMh | Status: ipfs-fetch-error:504 Server Error: Gateway Timeout for url: https://ipfs.io/ipfs/QmS85xo2LwxfrLgJqCjFj6c5TtMp3ecivMCphsxPVzTiMh
2025-09-19 12:43:18 | Caller: 1001 -> 1000 | Hash: 0854c835f9f1d7cc6460f9d13ff869fb57db20e01b2e8617f36a857cbd3d812f | IPFS CID: QmS85xo2LwxfrLgJqCjFj6c5TtMp3ecivMCphsxPVzTiMh | Status: ipfs-fetch-error:QmS85xo2LwxfrLgJqCjFj6c5TtMp3ecivMCphsxPVzTiMh
2025-09-19 12:43:18 | Caller: 1001 -> 1000 | Hash: 0854c835f9f1d7cc6460f9d13ff869fb57db20e01b2e8617f36a857cbd3d812f | IPFS CID: QmS85xo2LwxfrLgJqCjFj6c5TtMp3ecivMCphsxPVzTiMh | Status: ipfs-fetch-error:QmS85xo2LwxfrLgJqCjFj6c5TtMp3ecivMCphsxPVzTiMh
2025-09-19 12:43:23 | Caller: 1001 -> 1000 | Hash: 0854c835f9f1d7cc6460f9d13ff869fb57db20e01b2e8617f36a857cbd3d812f | IPFS CID: QmS85xo2LwxfrLgJqCjFj6c5TtMp3ecivMCphsxPVzTiMh | Status: ipfs-fetch-error:QmS85xo2LwxfrLgJqCjFj6c5TtMp3ecivMCphsxPVzTiMh
2025-09-19 12:43:28 | Caller: 1001 -> 1000 | Hash: 0854c835f9f1d7cc6460f9d13ff869fb57db20e01b2e8617f36a857cbd3d812f | IPFS CID: QmS85xo2LwxfrLgJqCjFj6c5TtMp3ecivMCphsxPVzTiMh | Status: ipfs-fetch-error:QmS85xo2LwxfrLgJqCjFj6c5TtMp3ecivMCphsxPVzTiMh
2025-09-19 12:43:33 | Caller: 1001 -> 1000 | Hash: 0854c835f9f1d7cc6460f9d13ff869fb57db20e01b2e8617f36a857cbd3d812f | IPFS CID: QmS85xo2LwxfrLgJqCjFj6c5TtMp3ecivMCphsxPVzTiMh | Status: ipfs-fetch-error:QmS85xo2LwxfrLgJqCjFj6c5TtMp3ecivMCphsxPVzTiMh
2025-09-19 12:43:38 | Caller: 1001 -> 1000 | Hash: 0854c835f9f1d7cc6460f9d13ff869fb57db20e01b2e8617f36a857cbd3d812f | IPFS CID: QmS85xo2LwxfrLgJqCjFj6c5TtMp3ecivMCphsxPVzTiMh | Status: ipfs-fetch-error:QmS85xo2LwxfrLgJqCjFj6c5TtMp3ecivMCphsxPVzTiMh
2025-09-19 12:43:43 | Caller: 1001 -> 1000 | Hash: 0854c835f9f1d7cc6460f9d13ff869fb57db20e01b2e8617f36a857cbd3d812f | IPFS CID: QmS85xo2LwxfrLgJqCjFj6c5TtMp3ecivMCphsxPVzTiMh | Status: ipfs-fetch-error:QmS85xo2LwxfrLgJqCjFj6c5TtMp3ecivMCphsxPVzTiMh
2025-09-19 12:43:48 | Caller: 1001 -> 1000 | Hash: 0854c835f9f1d7cc6460f9d13ff869fb57db20e01b2e8617f36a857cbd3d812f | IPFS CID: QmS85xo2LwxfrLgJqCjFj6c5TtMp3ecivMCphsxPVzTiMh | Status: ipfs-fetch-error:QmS85xo2LwxfrLgJqCjFj6c5TtMp3ecivMCphsxPVzTiMh
2025-09-19 12:43:53 | Caller: 1001 -> 1000 | Hash: 0854c835f9f1d7cc6460f9d13ff869fb57db20e01b2e8617f36a857cbd3d812f | IPFS CID: QmS85xo2LwxfrLgJqCjFj6c5TtMp3ecivMCphsxPVzTiMh | Status: ipfs-fetch-error:QmS85xo2LwxfrLgJqCjFj6c5TtMp3ecivMCphsxPVzTiMh
2025-09-19 12:43:58 | Caller: 1001 -> 1000 | Hash: 0854c835f9f1d7cc6460f9d13ff869fb57db20e01b2e8617f36a857cbd3d812f | IPFS CID: QmS85xo2LwxfrLgJqCjFj6c5TtMp3ecivMCphsxPVzTiMh | Status: ipfs-fetch-error:QmS85xo2LwxfrLgJqCjFj6c5TtMp3ecivMCphsxPVzTiMh
2025-09-19 12:44:03 | Caller: 1001 -> 1000 | Hash: 0854c835f9f1d7cc6460f9d13ff869fb57db20e01b2e8617f36a857cbd3d812f | IPFS CID: QmS85xo2LwxfrLgJqCjFj6c5TtMp3ecivMCphsxPVzTiMh | Status: ipfs-fetch-error:QmS85xo2LwxfrLgJqCjFj6c5TtMp3ecivMCphsxPVzTiMh
2025-09-19 12:44:13 | Caller: 1001 -> 1000 | Hash: 0854c835f9f1d7cc6460f9d13ff869fb57db20e01b2e8617f36a857cbd3d812f | IPFS CID: QmS85xo2LwxfrLgJqCjFj6c5TtMp3ecivMCphsxPVzTiMh | Status: ipfs-fetch-error:QmS85xo2LwxfrLgJqCjFj6c5TtMp3ecivMCphsxPVzTiMh
2025-09-19 12:44:18 | Caller: 1001 -> 1000 | Hash: 0854c835f9f1d7cc6460f9d13ff869fb57db20e01b2e8617f36a857cbd3d812f | IPFS CID: QmS85xo2LwxfrLgJqCjFj6c5TtMp3ecivMCphsxPVzTiMh | Status: ipfs-fetch-error:QmS85xo2LwxfrLgJqCjFj6c5TtMp3ecivMCphsxPVzTiMh
2025-09-19 12:44:18 | Caller: 1001 -> 1000 | Hash: 0854c835f9f1d7cc6460f9d13ff869fb57db20e01b2e8617f36a857cbd3d812f | IPFS CID: QmS85xo2LwxfrLgJqCjFj6c5TtMp3ecivMCphsxPVzTiMh | Status: ipfs-fetch-error:QmS85xo2LwxfrLgJqCjFj6c5TtMp3ecivMCphsxPVzTiMh
2025-09-19 12:44:23 | Caller: 1001 -> 1000 | Hash: 0854c835f9f1d7cc6460f9d13ff869fb57db20e01b2e8617f36a857cbd3d812f | IPFS CID: QmS85xo2LwxfrLgJqCjFj6c5TtMp3ecivMCphsxPVzTiMh | Status: ipfs-fetch-error:QmS85xo2LwxfrLgJqCjFj6c5TtMp3ecivMCphsxPVzTiMh
2025-09-19 12:44:28 | Caller: 1001 -> 1000 | Hash: 0854c835f9f1d7cc6460f9d13ff869fb57db20e01b2e8617f36a857cbd3d812f | IPFS CID: QmS85xo2LwxfrLgJqCjFj6c5TtMp3ecivMCphsxPVzTiMh | Status: ipfs-fetch-error:QmS85xo2LwxfrLgJqCjFj6c5TtMp3ecivMCphsxPVzTiMh
2025-09-19 12:44:33 | Caller: 1001 -> 1000 | Hash: 0854c835f9f1d7cc6460f9d13ff869fb57db20e01b2e8617f36a857cbd3d812f | IPFS CID: QmS85xo2LwxfrLgJqCjFj6c5TtMp3ecivMCphsxPVzTiMh | Status: ipfs-fetch-error:QmS85xo2LwxfrLgJqCjFj6c5TtMp3ecivMCphsxPVzTiMh
2025-09-19 12:44:38 | Caller: 1001 -> 1000 | Hash: 0854c835f9f1d7cc6460f9d13ff869fb57db20e01b2e8617f36a857cbd3d812f | IPFS CID: QmS85xo2LwxfrLgJqCjFj6c5TtMp3ecivMCphsxPVzTiMh | Status: ipfs-fetch-error:QmS85xo2LwxfrLgJqCjFj6c5TtMp3ecivMCphsxPVzTiMh
2025-09-19 12:44:41 | Caller: 1001 -> 1000 | Hash: 0854c835f9f1d7cc6460f9d13ff869fb57db20e01b2e8617f36a857cbd3d812f | IPFS CID: QmS85xo2LwxfrLgJqCjFj6c5TtMp3ecivMCphsxPVzTiMh | Status: ipfs-fetch-error:QmS85xo2LwxfrLgJqCjFj6c5TtMp3ecivMCphsxPVzTiMh
2025-09-19 12:44:43 | Caller: 1001 -> 1000 | Hash: 0854c835f9f1d7cc6460f9d13ff869fb57db20e01b2e8617f36a857cbd3d812f | IPFS CID: QmS85xo2LwxfrLgJqCjFj6c5TtMp3ecivMCphsxPVzTiMh | Status: ipfs-fetch-error:QmS85xo2LwxfrLgJqCjFj6c5TtMp3ecivMCphsxPVzTiMh
2025-09-19 12:44:48 | Caller: 1001 -> 1000 | Hash: 0854c835f9f1d7cc6460f9d13ff869fb57db20e01b2e8617f36a857cbd3d812f | IPFS CID: QmS85xo2LwxfrLgJqCjFj6c5TtMp3ecivMCphsxPVzTiMh | Status: ipfs-fetch-error:QmS85xo2LwxfrLgJqCjFj6c5TtMp3ecivMCphsxPVzTiMh
2025-09-19 12:44:48 | Caller: 1001 -> 1000 | Hash: 0854c835f9f1d7cc6460f9d13ff869fb57db20e01b2e8617f36a857cbd3d812f | IPFS CID: QmS85xo2LwxfrLgJqCjFj6c5TtMp3ecivMCphsxPVzTiMh | Status: ipfs-fetch-error:QmS85xo2LwxfrLgJqCjFj6c5TtMp3ecivMCphsxPVzTiMh
2025-09-19 12:44:54 | Caller: 1001 -> 1000 | Hash: 0854c835f9f1d7cc6460f9d13ff869fb57db20e01b2e8617f36a857cbd3d812f | IPFS CID: QmS85xo2LwxfrLgJqCjFj6c5TtMp3ecivMCphsxPVzTiMh | Status: ipfs-fetch-error:QmS85xo2LwxfrLgJqCjFj6c5TtMp3ecivMCphsxPVzTiMh
2025-09-19 12:44:59 | Caller: 1001 -> 1000 | Hash: 0854c835f9f1d7cc6460f9d13ff869fb57db20e01b2e8617f36a857cbd3d812f | IPFS CID: QmS85xo2LwxfrLgJqCjFj6c5TtMp3ecivMCphsxPVzTiMh | Status: ipfs-fetch-error:QmS85xo2LwxfrLgJqCjFj6c5TtMp3ecivMCphsxPVzTiMh
2025-09-19 12:45:14 | Caller: 1001 -> 1000 | Hash: 0854c835f9f1d7cc6460f9d13ff869fb57db20e01b2e8617f36a857cbd3d812f | IPFS CID: QmS85xo2LwxfrLgJqCjFj6c5TtMp3ecivMCphsxPVzTiMh | Status: ipfs-fetch-error:QmS85xo2LwxfrLgJqCjFj6c5TtMp3ecivMCphsxPVzTiMh
2025-09-19 12:45:19 | Caller: 1001 -> 1000 | Hash: 0854c835f9f1d7cc6460f9d13ff869fb57db20e01b2e8617f36a857cbd3d812f | IPFS CID: QmS85xo2LwxfrLgJqCjFj6c5TtMp3ecivMCphsxPVzTiMh | Status: ipfs-fetch-error:QmS85xo2LwxfrLgJqCjFj6c5TtMp3ecivMCphsxPVzTiMh
2025-09-19 12:45:19 | Caller: 1001 -> 1000 | Hash: 0854c835f9f1d7cc6460f9d13ff869fb57db20e01b2e8617f36a857cbd3d812f | IPFS CID: QmS85xo2LwxfrLgJqCjFj6c5TtMp3ecivMCphsxPVzTiMh | Status: ipfs-fetch-error:QmS85xo2LwxfrLgJqCjFj6c5TtMp3ecivMCphsxPVzTiMh
2025-09-19 12:45:24 | Caller: 1001 -> 1000 | Hash: 0854c835f9f1d7cc6460f9d13ff869fb57db20e01b2e8617f36a857cbd3d812f | IPFS CID: QmS85xo2LwxfrLgJqCjFj6c5TtMp3ecivMCphsxPVzTiMh | Status: ipfs-fetch-error:QmS85xo2LwxfrLgJqCjFj6c5TtMp3ecivMCphsxPVzTiMh
2025-09-19 12:45:29 | Caller: 1001 -> 1000 | Hash: eb9867767e998c1441181405092ed1978034299b5f7106c74ba640d0a69dc1fa | IPFS CID: Qmcsyg2pozgFuD6ZAcWDTiC8jdykrwqKRsfUbatMyWNvSp | Status: ipfs-fetch-error:Qmcsyg2pozgFuD6ZAcWDTiC8jdykrwqKRsfUbatMyWNvSp
2025-09-19 12:45:34 | Caller: 1001 -> 1000 | Hash: eb9867767e998c1441181405092ed1978034299b5f7106c74ba640d0a69dc1fa | IPFS CID: Qmcsyg2pozgFuD6ZAcWDTiC8jdykrwqKRsfUbatMyWNvSp | Status: ipfs-fetch-error:Qmcsyg2pozgFuD6ZAcWDTiC8jdykrwqKRsfUbatMyWNvSp
2025-09-19 12:45:40 | Caller: 1001 -> 1000 | Hash: eb9867767e998c1441181405092ed1978034299b5f7106c74ba640d0a69dc1fa | IPFS CID: Qmcsyg2pozgFuD6ZAcWDTiC8jdykrwqKRsfUbatMyWNvSp | Status: ipfs-fetch-error:Qmcsyg2pozgFuD6ZAcWDTiC8jdykrwqKRsfUbatMyWNvSp
2025-09-19 12:45:44 | Caller: 1001 -> 1000 | Hash: eb9867767e998c1441181405092ed1978034299b5f7106c74ba640d0a69dc1fa | IPFS CID: Qmcsyg2pozgFuD6ZAcWDTiC8jdykrwqKRsfUbatMyWNvSp | Status: ipfs-fetch-error:Qmcsyg2pozgFuD6ZAcWDTiC8jdykrwqKRsfUbatMyWNvSp
2025-09-19 12:45:49 | Caller: 1001 -> 1000 | Hash: eb9867767e998c1441181405092ed1978034299b5f7106c74ba640d0a69dc1fa | IPFS CID: Qmcsyg2pozgFuD6ZAcWDTiC8jdykrwqKRsfUbatMyWNvSp | Status: ipfs-fetch-error:Qmcsyg2pozgFuD6ZAcWDTiC8jdykrwqKRsfUbatMyWNvSp
2025-09-19 12:45:54 | Caller: 1001 -> 1000 | Hash: eb9867767e998c1441181405092ed1978034299b5f7106c74ba640d0a69dc1fa | IPFS CID: Qmcsyg2pozgFuD6ZAcWDTiC8jdykrwqKRsfUbatMyWNvSp | Status: ipfs-fetch-error:Qmcsyg2pozgFuD6ZAcWDTiC8jdykrwqKRsfUbatMyWNvSp
2025-09-19 12:46:00 | Caller: 1001 -> 1000 | Hash: eb9867767e998c1441181405092ed1978034299b5f7106c74ba640d0a69dc1fa | IPFS CID: Qmcsyg2pozgFuD6ZAcWDTiC8jdykrwqKRsfUbatMyWNvSp | Status: ipfs-fetch-error:Qmcsyg2pozgFuD6ZAcWDTiC8jdykrwqKRsfUbatMyWNvSp
2025-09-19 12:46:05 | Caller: 1001 -> 1000 | Hash: eb9867767e998c1441181405092ed1978034299b5f7106c74ba640d0a69dc1fa | IPFS CID: Qmcsyg2pozgFuD6ZAcWDTiC8jdykrwqKRsfUbatMyWNvSp | Status: ipfs-fetch-error:Qmcsyg2pozgFuD6ZAcWDTiC8jdykrwqKRsfUbatMyWNvSp
2025-09-19 12:46:15 | Caller: 1001 -> 1000 | Hash: eb9867767e998c1441181405092ed1978034299b5f7106c74ba640d0a69dc1fa | IPFS CID: Qmcsyg2pozgFuD6ZAcWDTiC8jdykrwqKRsfUbatMyWNvSp | Status: ipfs-fetch-error:Qmcsyg2pozgFuD6ZAcWDTiC8jdykrwqKRsfUbatMyWNvSp
2025-09-19 12:46:19 | Caller: 1001 -> 1000 | Hash: eb9867767e998c1441181405092ed1978034299b5f7106c74ba640d0a69dc1fa | IPFS CID: Qmcsyg2pozgFuD6ZAcWDTiC8jdykrwqKRsfUbatMyWNvSp | Status: ipfs-fetch-error:Qmcsyg2pozgFuD6ZAcWDTiC8jdykrwqKRsfUbatMyWNvSp
2025-09-19 12:46:20 | Caller: 1001 -> 1000 | Hash: eb9867767e998c1441181405092ed1978034299b5f7106c74ba640d0a69dc1fa | IPFS CID: Qmcsyg2pozgFuD6ZAcWDTiC8jdykrwqKRsfUbatMyWNvSp | Status: ipfs-fetch-error:Qmcsyg2pozgFuD6ZAcWDTiC8jdykrwqKRsfUbatMyWNvSp
2025-09-19 12:46:21 | Caller: 1001 -> 1000 | Hash: eb9867767e998c1441181405092ed1978034299b5f7106c74ba640d0a69dc1fa | IPFS CID: Qmcsyg2pozgFuD6ZAcWDTiC8jdykrwqKRsfUbatMyWNvSp | Status: ipfs-fetch-error:Qmcsyg2pozgFuD6ZAcWDTiC8jdykrwqKRsfUbatMyWNvSp
2025-09-19 12:46:27 | Caller: 1001 -> 1000 | Hash: eb9867767e998c1441181405092ed1978034299b5f7106c74ba640d0a69dc1fa | IPFS CID: Qmcsyg2pozgFuD6ZAcWDTiC8jdykrwqKRsfUbatMyWNvSp | Status: ipfs-fetch-error:Qmcsyg2pozgFuD6ZAcWDTiC8jdykrwqKRsfUbatMyWNvSp
2025-09-19 12:46:31 | Caller: 1001 -> 1000 | Hash: eb9867767e998c1441181405092ed1978034299b5f7106c74ba640d0a69dc1fa | IPFS CID: Qmcsyg2pozgFuD6ZAcWDTiC8jdykrwqKRsfUbatMyWNvSp | Status: ipfs-fetch-error:Qmcsyg2pozgFuD6ZAcWDTiC8jdykrwqKRsfUbatMyWNvSp
2025-09-19 12:46:35 | Caller: 1001 -> 1000 | Hash: eb9867767e998c1441181405092ed1978034299b5f7106c74ba640d0a69dc1fa | IPFS CID: Qmcsyg2pozgFuD6ZAcWDTiC8jdykrwqKRsfUbatMyWNvSp | Status: ipfs-fetch-error:Qmcsyg2pozgFuD6ZAcWDTiC8jdykrwqKRsfUbatMyWNvSp
2025-09-19 12:46:41 | Caller: 1001 -> 1000 | Hash: eb9867767e998c1441181405092ed1978034299b5f7106c74ba640d0a69dc1fa | IPFS CID: Qmcsyg2pozgFuD6ZAcWDTiC8jdykrwqKRsfUbatMyWNvSp | Status: ipfs-fetch-error:Qmcsyg2pozgFuD6ZAcWDTiC8jdykrwqKRsfUbatMyWNvSp
2025-09-19 12:46:47 | Caller: 1001 -> 1000 | Hash: eb9867767e998c1441181405092ed1978034299b5f7106c74ba640d0a69dc1fa | IPFS CID: Qmcsyg2pozgFuD6ZAcWDTiC8jdykrwqKRsfUbatMyWNvSp | Status: ipfs-fetch-error:Qmcsyg2pozgFuD6ZAcWDTiC8jdykrwqKRsfUbatMyWNvSp
2025-09-19 12:46:52 | Caller: 1001 -> 1000 | Hash: eb9867767e998c1441181405092ed1978034299b5f7106c74ba640d0a69dc1fa | IPFS CID: Qmcsyg2pozgFuD6ZAcWDTiC8jdykrwqKRsfUbatMyWNvSp | Status: ipfs-fetch-error:Qmcsyg2pozgFuD6ZAcWDTiC8jdykrwqKRsfUbatMyWNvSp
2025-09-19 12:47:01 | Caller: 1001 -> 1000 | Hash: eb9867767e998c1441181405092ed1978034299b5f7106c74ba640d0a69dc1fa | IPFS CID: Qmcsyg2pozgFuD6ZAcWDTiC8jdykrwqKRsfUbatMyWNvSp | Status: ipfs-fetch-error:Qmcsyg2pozgFuD6ZAcWDTiC8jdykrwqKRsfUbatMyWNvSp
2025-09-19 12:47:01 | Caller: 1001 -> 1000 | Hash: eb9867767e998c1441181405092ed1978034299b5f7106c74ba640d0a69dc1fa | IPFS CID: Qmcsyg2pozgFuD6ZAcWDTiC8jdykrwqKRsfUbatMyWNvSp | Status: ipfs-fetch-error:Qmcsyg2pozgFuD6ZAcWDTiC8jdykrwqKRsfUbatMyWNvSp
2025-09-19 12:47:07 | Caller: 1001 -> 1000 | Hash: eb9867767e998c1441181405092ed1978034299b5f7106c74ba640d0a69dc1fa | IPFS CID: Qmcsyg2pozgFuD6ZAcWDTiC8jdykrwqKRsfUbatMyWNvSp | Status: ipfs-fetch-error:Qmcsyg2pozgFuD6ZAcWDTiC8jdykrwqKRsfUbatMyWNvSp
2025-09-19 12:47:11 | Caller: 1001 -> 1000 | Hash: eb9867767e998c1441181405092ed1978034299b5f7106c74ba640d0a69dc1fa | IPFS CID: Qmcsyg2pozgFuD6ZAcWDTiC8jdykrwqKRsfUbatMyWNvSp | Status: ipfs-fetch-error:Qmcsyg2pozgFuD6ZAcWDTiC8jdykrwqKRsfUbatMyWNvSp
2025-09-19 12:47:22 | Caller: 1001 -> 1000 | Hash: eb9867767e998c1441181405092ed1978034299b5f7106c74ba640d0a69dc1fa | IPFS CID: Qmcsyg2pozgFuD6ZAcWDTiC8jdykrwqKRsfUbatMyWNvSp | Status: ipfs-fetch-error:Qmcsyg2pozgFuD6ZAcWDTiC8jdykrwqKRsfUbatMyWNvSp
2025-09-19 12:47:27 | Caller: 1001 -> 1000 | Hash: eb9867767e998c1441181405092ed1978034299b5f7106c74ba640d0a69dc1fa | IPFS CID: Qmcsyg2pozgFuD6ZAcWDTiC8jdykrwqKRsfUbatMyWNvSp | Status: ipfs-fetch-error:Qmcsyg2pozgFuD6ZAcWDTiC8jdykrwqKRsfUbatMyWNvSp
2025-09-19 12:47:31 | Caller: 1001 -> 1000 | Hash: eb9867767e998c1441181405092ed1978034299b5f7106c74ba640d0a69dc1fa | IPFS CID: Qmcsyg2pozgFuD6ZAcWDTiC8jdykrwqKRsfUbatMyWNvSp | Status: ipfs-fetch-error:Qmcsyg2pozgFuD6ZAcWDTiC8jdykrwqKRsfUbatMyWNvSp
2025-09-19 12:47:32 | Caller: 1001 -> 1000 | Hash: eb9867767e998c1441181405092ed1978034299b5f7106c74ba640d0a69dc1fa | IPFS CID: Qmcsyg2pozgFuD6ZAcWDTiC8jdykrwqKRsfUbatMyWNvSp | Status: ipfs-fetch-error:Qmcsyg2pozgFuD6ZAcWDTiC8jdykrwqKRsfUbatMyWNvSp
2025-09-19 12:47:37 | Caller: 1001 -> 1000 | Hash: eb9867767e998c1441181405092ed1978034299b5f7106c74ba640d0a69dc1fa | IPFS CID: Qmcsyg2pozgFuD6ZAcWDTiC8jdykrwqKRsfUbatMyWNvSp | Status: ipfs-fetch-error:Qmcsyg2pozgFuD6ZAcWDTiC8jdykrwqKRsfUbatMyWNvSp
2025-09-19 12:47:47 | Caller: 1001 -> 1000 | Hash: eb9867767e998c1441181405092ed1978034299b5f7106c74ba640d0a69dc1fa | IPFS CID: Qmcsyg2pozgFuD6ZAcWDTiC8jdykrwqKRsfUbatMyWNvSp | Status: ipfs-fetch-error:Qmcsyg2pozgFuD6ZAcWDTiC8jdykrwqKRsfUbatMyWNvSp
2025-09-19 12:47:52 | Caller: 1001 -> 1000 | Hash: eb9867767e998c1441181405092ed1978034299b5f7106c74ba640d0a69dc1fa | IPFS CID: Qmcsyg2pozgFuD6ZAcWDTiC8jdykrwqKRsfUbatMyWNvSp | Status: ipfs-fetch-error:Qmcsyg2pozgFuD6ZAcWDTiC8jdykrwqKRsfUbatMyWNvSp
2025-09-19 12:47:58 | Caller: 1001 -> 1000 | Hash: eb9867767e998c1441181405092ed1978034299b5f7106c74ba640d0a69dc1fa | IPFS CID: Qmcsyg2pozgFuD6ZAcWDTiC8jdykrwqKRsfUbatMyWNvSp | Status: ipfs-fetch-error:Qmcsyg2pozgFuD6ZAcWDTiC8jdykrwqKRsfUbatMyWNvSp
2025-09-19 12:48:04 | Caller: 1001 -> 1000 | Hash: eb9867767e998c1441181405092ed1978034299b5f7106c74ba640d0a69dc1fa | IPFS CID: Qmcsyg2pozgFuD6ZAcWDTiC8jdykrwqKRsfUbatMyWNvSp | Status: ipfs-fetch-error:Qmcsyg2pozgFuD6ZAcWDTiC8jdykrwqKRsfUbatMyWNvSp
2025-09-19 12:48:07 | Caller: 1001 -> 1000 | Hash: eb9867767e998c1441181405092ed1978034299b5f7106c74ba640d0a69dc1fa | IPFS CID: Qmcsyg2pozgFuD6ZAcWDTiC8jdykrwqKRsfUbatMyWNvSp | Status: ipfs-fetch-error:Qmcsyg2pozgFuD6ZAcWDTiC8jdykrwqKRsfUbatMyWNvSp
2025-09-19 12:48:20 | Caller: 1001 -> 1000 | Hash: eb9867767e998c1441181405092ed1978034299b5f7106c74ba640d0a69dc1fa | IPFS CID: Qmcsyg2pozgFuD6ZAcWDTiC8jdykrwqKRsfUbatMyWNvSp | Status: ipfs-fetch-error:Qmcsyg2pozgFuD6ZAcWDTiC8jdykrwqKRsfUbatMyWNvSp
2025-09-19 12:48:23 | Caller: 1001 -> 1000 | Hash: eb9867767e998c1441181405092ed1978034299b5f7106c74ba640d0a69dc1fa | IPFS CID: Qmcsyg2pozgFuD6ZAcWDTiC8jdykrwqKRsfUbatMyWNvSp | Status: ipfs-fetch-error:Qmcsyg2pozgFuD6ZAcWDTiC8jdykrwqKRsfUbatMyWNvSp
2025-09-19 12:48:23 | Caller: 1001 -> 1000 | Hash: eb9867767e998c1441181405092ed1978034299b5f7106c74ba640d0a69dc1fa | IPFS CID: Qmcsyg2pozgFuD6ZAcWDTiC8jdykrwqKRsfUbatMyWNvSp | Status: ipfs-fetch-error:Qmcsyg2pozgFuD6ZAcWDTiC8jdykrwqKRsfUbatMyWNvSp
2025-09-19 12:48:30 | Caller: 1001 -> 1000 | Hash: eb9867767e998c1441181405092ed1978034299b5f7106c74ba640d0a69dc1fa | IPFS CID: Qmcsyg2pozgFuD6ZAcWDTiC8jdykrwqKRsfUbatMyWNvSp | Status: ipfs-fetch-error:Qmcsyg2pozgFuD6ZAcWDTiC8jdykrwqKRsfUbatMyWNvSp
2025-09-19 12:48:33 | Caller: 1001 -> 1000 | Hash: eb9867767e998c1441181405092ed1978034299b5f7106c74ba640d0a69dc1fa | IPFS CID: Qmcsyg2pozgFuD6ZAcWDTiC8jdykrwqKRsfUbatMyWNvSp | Status: ipfs-fetch-error:Qmcsyg2pozgFuD6ZAcWDTiC8jdykrwqKRsfUbatMyWNvSp
2025-09-19 12:48:39 | Caller: 1001 -> 1000 | Hash: eb9867767e998c1441181405092ed1978034299b5f7106c74ba640d0a69dc1fa | IPFS CID: Qmcsyg2pozgFuD6ZAcWDTiC8jdykrwqKRsfUbatMyWNvSp | Status: ipfs-fetch-error:Qmcsyg2pozgFuD6ZAcWDTiC8jdykrwqKRsfUbatMyWNvSp
